<?xml version="1.0" encoding="UTF-8"?>
<testng-results ignored="0" total="1" passed="1" failed="0" skipped="0">
  <reporter-output>
  </reporter-output>
  <suite started-at="2022-10-22T15:53:21 PDT" name="demosuite" finished-at="2022-10-22T15:53:27 PDT" duration-ms="6563">
    <groups>
    </groups>
    <test started-at="2022-10-22T15:53:21 PDT" name="Smoke tests" finished-at="2022-10-22T15:53:27 PDT" duration-ms="6547">
      <class name="project2.basicRunner">
        <test-method is-config="true" signature="setup()[pri:0, instance:project2.basicRunner@501edcf1]" started-at="2022-10-22T15:53:21 PDT" name="setup" finished-at="2022-10-22T15:53:24 PDT" duration-ms="3045" status="PASS">
          <reporter-output>
          </reporter-output>
        </test-method> <!-- setup -->
        <test-method signature="testValidLogin()[pri:0, instance:project2.basicRunner@501edcf1]" started-at="2022-10-22T15:53:24 PDT" name="testValidLogin" finished-at="2022-10-22T15:53:27 PDT" duration-ms="3375" status="PASS">
          <reporter-output>
          </reporter-output>
        </test-method> <!-- testValidLogin -->
        <test-method is-config="true" signature="tearDown()[pri:0, instance:project2.basicRunner@501edcf1]" started-at="2022-10-22T15:53:27 PDT" name="tearDown" finished-at="2022-10-22T15:53:27 PDT" duration-ms="113" status="PASS">
          <reporter-output>
          </reporter-output>
        </test-method> <!-- tearDown -->
      </class> <!-- project2.basicRunner -->
    </test> <!-- Smoke tests -->
    <test started-at="2022-10-22T15:53:27 PDT" name="Regression1" finished-at="2022-10-22T15:53:27 PDT" duration-ms="0">
    </test> <!-- Regression1 -->
  </suite> <!-- demosuite -->
</testng-results>
